#
# A fatal error has been detected by the Java Runtime Environment:
#
#  EXCEPTION_ACCESS_VIOLATION (0xc0000005) at pc=0x00007ffbe38c0c0b, pid=3088, tid=20336
#
# JRE version: OpenJDK Runtime Environment JBR-17.0.12+1-1207.37-nomod (17.0.12+1) (build 17.0.12+1-b1207.37)
# Java VM: OpenJDK 64-Bit Server VM JBR-17.0.12+1-1207.37-nomod (17.0.12+1-b1207.37, mixed mode, sharing, tiered, compressed oops, compressed class ptrs, g1 gc, windows-amd64)
# Problematic frame:
# V  [jvm.dll+0x200c0b]  PhaseConservativeCoalesce::update_ifg+0x36b
#
# No core dump will be written. Minidumps are not enabled by default on client versions of Windows
#
# If you would like to submit a bug report, please visit:
#   https://youtrack.jetbrains.com/issues/JBR
#

---------------  S U M M A R Y ------------

Command Line: -Dmaven.multiModuleProjectDirectory=D:\Documents\wsp Java-Spring\witcher-toolkit-back -Djansi.passthrough=true -Dmaven.home=C:\Users\melod\.m2\wrapper\dists\apache-maven-3.9.9-bin\4nf9hui3q3djbarqar9g711ggc\apache-maven-3.9.9 -Dclassworlds.conf=C:\Users\melod\.m2\wrapper\dists\apache-maven-3.9.9-bin\4nf9hui3q3djbarqar9g711ggc\apache-maven-3.9.9\bin\m2.conf -Dmaven.ext.class.path=D:\JetBrains\IntelliJ IDEA 2024.3\plugins\maven\lib\maven-event-listener.jar -javaagent:D:\JetBrains\IntelliJ IDEA 2024.3\lib\idea_rt.jar=53048:D:\JetBrains\IntelliJ IDEA 2024.3\bin -Dfile.encoding=UTF-8 org.codehaus.classworlds.Launcher -Didea.version=2024.3 clean compile

Host: AMD Ryzen 5 3600X 6-Core Processor             , 12 cores, 47G,  Windows 11 , 64 bit Build 22621 (10.0.22621.4391)
Time: Sun Dec 15 18:21:32 2024 Paris, Madrid elapsed time: 2.578874 seconds (0d 0h 0m 2s)

---------------  T H R E A D  ---------------

Current thread (0x0000015b782ae130):  JavaThread "C2 CompilerThread1" daemon [_thread_in_native, id=20336, stack(0x0000004a58400000,0x0000004a58500000)]


Current CompileTask:
C2:   2578 5420   !   4       java.nio.file.FileTreeWalker::visit (204 bytes)

Stack: [0x0000004a58400000,0x0000004a58500000],  sp=0x0000004a584fbb30,  free space=1006k
Native frames: (J=compiled Java code, j=interpreted, Vv=VM code, C=native code)
V  [jvm.dll+0x200c0b]  PhaseConservativeCoalesce::update_ifg+0x36b  (coalesce.cpp:636)
V  [jvm.dll+0x1fef67]  PhaseConservativeCoalesce::copy_copy+0x427  (coalesce.cpp:766)
V  [jvm.dll+0x1fe5a7]  PhaseConservativeCoalesce::coalesce+0x97  (coalesce.cpp:824)
V  [jvm.dll+0x1fe616]  PhaseCoalesce::coalesce_driver+0x36  (coalesce.cpp:132)
V  [jvm.dll+0x1be40f]  PhaseChaitin::Register_Allocate+0x50f  (chaitin.cpp:495)
V  [jvm.dll+0x21c109]  Compile::Code_Gen+0x3b9  (compile.cpp:2757)
V  [jvm.dll+0x21b3f1]  Compile::Compile+0xe61  (compile.cpp:836)
V  [jvm.dll+0x1a68ed]  C2Compiler::compile_method+0xad  (c2compiler.cpp:112)
V  [jvm.dll+0x22b2de]  CompileBroker::invoke_compiler_on_method+0x82e  (compileBroker.cpp:2366)
V  [jvm.dll+0x229445]  CompileBroker::compiler_thread_loop+0x405  (compileBroker.cpp:2027)
V  [jvm.dll+0x7f7917]  JavaThread::run+0x147  (thread.cpp:1299)
V  [jvm.dll+0x7f1cec]  Thread::call_run+0x8c  (thread.cpp:405)
V  [jvm.dll+0x688be7]  thread_native_entry+0x77  (os_windows.cpp:550)
C  [ucrtbase.dll+0x29333]
C  [KERNEL32.DLL+0x1259d]
C  [ntdll.dll+0x5af38]


siginfo: EXCEPTION_ACCESS_VIOLATION (0xc0000005), reading address 0x0000015bd2ae6c38


Registers:
RAX=0x0000004a584fc190, RBX=0x0000015bd2ae6c30, RCX=0x0000004a584fbe00, RDX=0x00007ffbe425b2b8
RSP=0x0000004a584fbb30, RBP=0x0000004a584fbb80, RSI=0x0000000001001193, RDI=0x00001fdfffffbfde
R8 =0x0000000000000400, R9 =0x0000015b78ca6280, R10=0x0000000000000002, R11=0x0000015b78b51100
R12=0x0000000000000f4a, R13=0x0000000000000f4a, R14=0x0000004a584fbf10, R15=0x000000000000000a
RIP=0x00007ffbe38c0c0b, EFLAGS=0x0000000000010202


Register to memory mapping:

RIP=0x00007ffbe38c0c0b jvm.dll::PhaseConservativeCoalesce::update_ifg + 0x36b
RAX=0x0000004a584fc190 is pointing into the stack for thread: 0x0000015b782ae130
RBX=0x0000015bd2ae6c30 is an unknown value
RCX=0x0000004a584fbe00 is pointing into the stack for thread: 0x0000015b782ae130
RDX=0x00007ffbe425b2b8 jvm.dll::IndexSet::_empty_block + 0x0
RSP=0x0000004a584fbb30 is pointing into the stack for thread: 0x0000015b782ae130
RBP=0x0000004a584fbb80 is pointing into the stack for thread: 0x0000015b782ae130
RSI=0x0000000001001193 is an unknown value
RDI=0x00001fdfffffbfde is an unknown value
R8 =0x0000000000000400 is an unknown value
R9 =0x0000015b78ca6280 points into unknown readable memory: 0x0000000000000000 | 00 00 00 00 00 00 00 00
R10=0x0000000000000002 is an unknown value
R11=0x0000015b78b51100 points into unknown readable memory: 0xfe7fbfffff0bfeff | ff fe 0b ff ff bf 7f fe
R12=0x0000000000000f4a is an unknown value
R13=0x0000000000000f4a is an unknown value
R14=0x0000004a584fbf10 is pointing into the stack for thread: 0x0000015b782ae130
R15=0x000000000000000a is an unknown value


Top of Stack: (sp=0x0000004a584fbb30)
0x0000004a584fbb30:   00000000000010ff 0000000000000000
0x0000004a584fbb40:   0000015b32b14d10 0000015b790b4cb0
0x0000004a584fbb50:   00001fdfffffbfde 0000000301001193
0x0000004a584fbb60:   0000002300000012 0000015b78b51100
0x0000004a584fbb70:   0000015b791d3f30 0000004a584fbf30
0x0000004a584fbb80:   00000000000f3fa0 0000015b7a40d6c8
0x0000004a584fbb90:   0000015b7a40d6c8 0000000000000f4a
0x0000004a584fbba0:   0000015b32b14d10 00000000000a82e0
0x0000004a584fbbb0:   0000004a584fbf10 00007ffbe38bef67
0x0000004a584fbbc0:   0000015b32c56330 0000000000000f4a
0x0000004a584fbbd0:   0000015b32acfe90 0000015b000f42a8
0x0000004a584fbbe0:   0000015b32b14d10 0000004a584fbc30
0x0000004a584fbbf0:   0000015b7a40d620 0000015b7a40d620
0x0000004a584fbc00:   0000015b3246d0f8 00007ffb00000019
0x0000004a584fbc10:   0000015b7a4349a0 0000015b7a40d6c8
0x0000004a584fbc20:   0000015b7a4349a0 0000000000007fd8
0x0000004a584fbc30:   0000000000000000 0000000000000000
0x0000004a584fbc40:   0000000000000000 0000000000000000
0x0000004a584fbc50:   0000000000000000 0000000000000000
0x0000004a584fbc60:   0000000000000000 0000000000000000
0x0000004a584fbc70:   0000000000000000 ffffffffff000000
0x0000004a584fbc80:   ffffffffffffffff 0000000a00000000
0x0000004a584fbc90:   0000015b787d0c30 0000015b78454b18
0x0000004a584fbca0:   0000015b787d1018 0000015b787d0c40
0x0000004a584fbcb0:   0000000000000019 0000015b3246d0f8
0x0000004a584fbcc0:   0000004a584fbf10 00007ffbe38be5a7
0x0000004a584fbcd0:   0000000000000026 000000000000162e
0x0000004a584fbce0:   0000004a584fbf10 0000015b3246d0f8
0x0000004a584fbcf0:   00007ffb00000019 00007ffbe38db8b2
0x0000004a584fbd00:   0000004a584fc270 00007ffbe38be616
0x0000004a584fbd10:   0000004a584fbf10 0000000000000141
0x0000004a584fbd20:   00000000000003d8 0000004a584fbe40 

Instructions: (pc=0x00007ffbe38c0c0b)
0x00007ffbe38c0b0b:   48 f7 d0 48 23 c2 48 89 01 49 85 d0 75 0d 44 8b
0x00007ffbe38c0b1b:   45 d8 48 8b 55 d0 e9 5a ff ff ff 41 ff 09 49 8b
0x00007ffbe38c0b2b:   46 18 49 69 ca b0 00 00 00 48 8b 40 70 48 8b 58
0x00007ffbe38c0b3b:   20 48 03 d9 49 8b cf 48 8b d3 e8 26 96 16 00 f7
0x00007ffbe38c0b4b:   d8 01 43 34 44 8b 45 d8 48 8b 55 d0 e9 24 ff ff
0x00007ffbe38c0b5b:   ff 44 8b 6d 48 41 39 7e 20 49 8d 4e 20 0f 84 21
0x00007ffbe38c0b6b:   01 00 00 8b 41 04 4d 8b fc 89 45 e4 41 83 e7 3f
0x00007ffbe38c0b7b:   48 8b 41 08 48 89 45 f0 48 89 7d d0 89 7d d8 48
0x00007ffbe38c0b8b:   c7 45 dc 04 00 00 00 48 89 7d e8 48 89 4d f8 48
0x00007ffbe38c0b9b:   8d 15 17 a7 99 00 48 85 ff 74 1a 48 0f bc c7 8b
0x00007ffbe38c0bab:   c8 48 d3 ef 8b 4d d8 48 ff cf 03 c8 48 89 7d d0
0x00007ffbe38c0bbb:   89 4d d8 eb 28 83 7d dc 04 72 0c 8b 45 e4 39 45
0x00007ffbe38c0bcb:   e0 0f 83 bd 00 00 00 48 8d 4d d0 e8 c5 ea 16 00
0x00007ffbe38c0bdb:   48 8b 7d d0 48 8d 15 d2 a6 99 00 8b c8 85 c9 0f
0x00007ffbe38c0beb:   84 9f 00 00 00 49 8b 46 18 8b f1 48 8b 48 70 48
0x00007ffbe38c0bfb:   8d 1c b6 48 c1 e3 05 48 03 59 10 45 85 ed 74 96
0x00007ffbe38c0c0b:   48 8b 43 08 49 8b cc 48 c1 e9 08 4c 8b 0c c8 4c
0x00007ffbe38c0c1b:   3b ca 75 0e 41 8b d5 48 8b cb e8 36 ec 16 00 4c
0x00007ffbe38c0c2b:   8b c8 49 8b cf 41 b8 01 00 00 00 49 d3 e0 49 8b
0x00007ffbe38c0c3b:   cc 48 c1 e9 06 83 e1 03 49 8b 14 c9 48 8b c2 49
0x00007ffbe38c0c4b:   0b c0 49 89 04 c9 49 85 d0 74 09 48 8b 7d d0 e9
0x00007ffbe38c0c5b:   3b ff ff ff ff 03 49 8b 46 18 48 69 ce b0 00 00
0x00007ffbe38c0c6b:   00 48 8b 40 70 48 8b 58 20 48 03 d9 48 8b 4d 40
0x00007ffbe38c0c7b:   48 8b d3 e8 ed 94 16 00 01 43 34 48 8b 7d d0 e9
0x00007ffbe38c0c8b:   0b ff ff ff 48 8b 9c 24 a0 00 00 00 48 83 c4 50
0x00007ffbe38c0c9b:   41 5f 41 5e 41 5d 41 5c 5f 5e 5d c3 cc cc cc cc
0x00007ffbe38c0cab:   cc cc cc cc cc 48 83 ec 28 8b 05 16 47 9b 00 83
0x00007ffbe38c0cbb:   f8 02 74 15 48 8b 0d ba f2 9a 00 e8 65 92 45 00
0x00007ffbe38c0ccb:   84 c0 75 05 48 83 c4 28 c3 b0 01 48 83 c4 28 c3
0x00007ffbe38c0cdb:   cc cc cc cc cc 48 83 ec 28 48 8b 01 ff 50 10 84
0x00007ffbe38c0ceb:   c0 74 07 32 c0 48 83 c4 28 c3 48 8b 0d 84 f2 9a
0x00007ffbe38c0cfb:   00 e8 af 91 45 00 b0 01 48 83 c4 28 c3 cc cc cc 


Stack slot to memory mapping:
stack at sp + 0 slots: 0x00000000000010ff is an unknown value
stack at sp + 1 slots: 0x0 is NULL
stack at sp + 2 slots: 0x0000015b32b14d10 points into unknown readable memory: 0x000000170000002c | 2c 00 00 00 17 00 00 00
stack at sp + 3 slots: 0x0000015b790b4cb0 points into unknown readable memory: 0x00007ffbe425b2b8 | b8 b2 25 e4 fb 7f 00 00
stack at sp + 4 slots: 0x00001fdfffffbfde is an unknown value
stack at sp + 5 slots: 0x0000000301001193 is an unknown value
stack at sp + 6 slots: 0x0000002300000012 is an unknown value
stack at sp + 7 slots: 0x0000015b78b51100 points into unknown readable memory: 0xfe7fbfffff0bfeff | ff fe 0b ff ff bf 7f fe


---------------  P R O C E S S  ---------------

Threads class SMR info:
_java_thread_list=0x0000015b79c528a0, length=16, elements={
0x0000015b0004a5c0, 0x0000015b2f6ef9f0, 0x0000015b2f6f0870, 0x0000015b2f7031f0,
0x0000015b2f703db0, 0x0000015b2f706c90, 0x0000015b2f707650, 0x0000015b2f710a10,
0x0000015b2f7158e0, 0x0000015b2f71a600, 0x0000015b3230adf0, 0x0000015b325176f0,
0x0000015b32517bd0, 0x0000015b782ae130, 0x0000015b79687620, 0x0000015b782ac6a0
}

Java Threads: ( => current thread )
  0x0000015b0004a5c0 JavaThread "main" [_thread_in_Java, id=22404, stack(0x0000004a57000000,0x0000004a57100000)]
  0x0000015b2f6ef9f0 JavaThread "Reference Handler" daemon [_thread_blocked, id=5628, stack(0x0000004a57700000,0x0000004a57800000)]
  0x0000015b2f6f0870 JavaThread "Finalizer" daemon [_thread_blocked, id=12528, stack(0x0000004a57800000,0x0000004a57900000)]
  0x0000015b2f7031f0 JavaThread "Signal Dispatcher" daemon [_thread_blocked, id=20764, stack(0x0000004a57900000,0x0000004a57a00000)]
  0x0000015b2f703db0 JavaThread "Attach Listener" daemon [_thread_blocked, id=3304, stack(0x0000004a57a00000,0x0000004a57b00000)]
  0x0000015b2f706c90 JavaThread "Service Thread" daemon [_thread_blocked, id=9720, stack(0x0000004a57b00000,0x0000004a57c00000)]
  0x0000015b2f707650 JavaThread "Monitor Deflation Thread" daemon [_thread_blocked, id=6912, stack(0x0000004a57c00000,0x0000004a57d00000)]
  0x0000015b2f710a10 JavaThread "C2 CompilerThread0" daemon [_thread_in_native, id=14316, stack(0x0000004a57d00000,0x0000004a57e00000)]
  0x0000015b2f7158e0 JavaThread "C1 CompilerThread0" daemon [_thread_blocked, id=20880, stack(0x0000004a57e00000,0x0000004a57f00000)]
  0x0000015b2f71a600 JavaThread "Sweeper thread" daemon [_thread_blocked, id=12540, stack(0x0000004a57f00000,0x0000004a58000000)]
  0x0000015b3230adf0 JavaThread "Common-Cleaner" daemon [_thread_blocked, id=7428, stack(0x0000004a58000000,0x0000004a58100000)]
  0x0000015b325176f0 JavaThread "Monitor Ctrl-Break" daemon [_thread_in_native, id=16724, stack(0x0000004a58100000,0x0000004a58200000)]
  0x0000015b32517bd0 JavaThread "Notification Thread" daemon [_thread_blocked, id=20576, stack(0x0000004a58200000,0x0000004a58300000)]
=>0x0000015b782ae130 JavaThread "C2 CompilerThread1" daemon [_thread_in_native, id=20336, stack(0x0000004a58400000,0x0000004a58500000)]
  0x0000015b79687620 JavaThread "Thread-1" daemon [_thread_blocked, id=1968, stack(0x0000004a58f00000,0x0000004a59000000)]
  0x0000015b782ac6a0 JavaThread "C2 CompilerThread2" daemon [_thread_in_native, id=10244, stack(0x0000004a58500000,0x0000004a58600000)]

Other Threads:
  0x0000015b2f6ecdd0 VMThread "VM Thread" [stack: 0x0000004a57600000,0x0000004a57700000] [id=17688]
  0x0000015b3251aef0 WatcherThread [stack: 0x0000004a58300000,0x0000004a58400000] [id=10692]
  0x0000015b2f560ca0 GCTaskThread "GC Thread#0" [stack: 0x0000004a57100000,0x0000004a57200000] [id=8692]
  0x0000015b78a6fdb0 GCTaskThread "GC Thread#1" [stack: 0x0000004a58600000,0x0000004a58700000] [id=7496]
  0x0000015b78a70070 GCTaskThread "GC Thread#2" [stack: 0x0000004a58700000,0x0000004a58800000] [id=20640]
  0x0000015b78a70330 GCTaskThread "GC Thread#3" [stack: 0x0000004a58800000,0x0000004a58900000] [id=9204]
  0x0000015b78665db0 GCTaskThread "GC Thread#4" [stack: 0x0000004a58900000,0x0000004a58a00000] [id=5412]
  0x0000015b78666070 GCTaskThread "GC Thread#5" [stack: 0x0000004a58a00000,0x0000004a58b00000] [id=22360]
  0x0000015b78666740 GCTaskThread "GC Thread#6" [stack: 0x0000004a58b00000,0x0000004a58c00000] [id=19964]
  0x0000015b78aedda0 GCTaskThread "GC Thread#7" [stack: 0x0000004a58c00000,0x0000004a58d00000] [id=8372]
  0x0000015b78aee060 GCTaskThread "GC Thread#8" [stack: 0x0000004a58d00000,0x0000004a58e00000] [id=15892]
  0x0000015b78aee320 GCTaskThread "GC Thread#9" [stack: 0x0000004a58e00000,0x0000004a58f00000] [id=4388]
  0x0000015b000e0f50 ConcurrentGCThread "G1 Main Marker" [stack: 0x0000004a57200000,0x0000004a57300000] [id=11808]
  0x0000015b000e1f80 ConcurrentGCThread "G1 Conc#0" [stack: 0x0000004a57300000,0x0000004a57400000] [id=22216]
  0x0000015b790f2d00 ConcurrentGCThread "G1 Conc#1" [stack: 0x0000004a59000000,0x0000004a59100000] [id=21692]
  0x0000015b79a00c20 ConcurrentGCThread "G1 Conc#2" [stack: 0x0000004a59100000,0x0000004a59200000] [id=19288]
  0x0000015b000fe690 ConcurrentGCThread "G1 Refine#0" [stack: 0x0000004a57400000,0x0000004a57500000] [id=22024]
  0x0000015b793c5840 ConcurrentGCThread "G1 Refine#1" [stack: 0x0000004a59200000,0x0000004a59300000] [id=11488]
  0x0000015b7abbece0 ConcurrentGCThread "G1 Refine#2" [stack: 0x0000004a59300000,0x0000004a59400000] [id=4784]
  0x0000015b7a930c00 ConcurrentGCThread "G1 Refine#3" [stack: 0x0000004a59400000,0x0000004a59500000] [id=1092]
  0x0000015b7a850aa0 ConcurrentGCThread "G1 Refine#4" [stack: 0x0000004a59500000,0x0000004a59600000] [id=22000]
  0x0000015b7a5bd8c0 ConcurrentGCThread "G1 Refine#5" [stack: 0x0000004a59600000,0x0000004a59700000] [id=18940]
  0x0000015b7a5bdbb0 ConcurrentGCThread "G1 Refine#6" [stack: 0x0000004a59700000,0x0000004a59800000] [id=7740]
  0x0000015b7a5bd5d0 ConcurrentGCThread "G1 Refine#7" [stack: 0x0000004a59800000,0x0000004a59900000] [id=22428]
  0x0000015b7a5bdea0 ConcurrentGCThread "G1 Refine#8" [stack: 0x0000004a59900000,0x0000004a59a00000] [id=4284]
  0x0000015b2f68a170 ConcurrentGCThread "G1 Service" [stack: 0x0000004a57500000,0x0000004a57600000] [id=22204]

Threads with active compile tasks:
C2 CompilerThread0     2624 5720   !   4       java.util.regex.Pattern::closure (276 bytes)
C2 CompilerThread1     2624 5420   !   4       java.nio.file.FileTreeWalker::visit (204 bytes)
C2 CompilerThread2     2624 5724       4       java.util.regex.Pattern::compile (500 bytes)

VM state: not at safepoint (normal execution)

VM Mutex/Monitor currently owned by a thread: None

Heap address: 0x0000000500800000, size: 12280 MB, Compressed Oops mode: Zero based, Oop shift amount: 3

CDS archive(s) mapped at: [0x0000015b33000000-0x0000015b33c00000-0x0000015b33c00000), size 12582912, SharedBaseAddress: 0x0000015b33000000, ArchiveRelocationMode: 1.
Compressed class space mapped at: 0x0000015b34000000-0x0000015b74000000, reserved size: 1073741824
Narrow klass base: 0x0000015b33000000, Narrow klass shift: 0, Narrow klass range: 0x100000000

GC Precious Log:
 CPUs: 12 total, 12 available
 Memory: 49097M
 Large Page Support: Disabled
 NUMA Support: Disabled
 Compressed Oops: Enabled (Zero based)
 Heap Region Size: 8M
 Heap Min Capacity: 8M
 Heap Initial Capacity: 768M
 Heap Max Capacity: 12280M
 Pre-touch: Disabled
 Parallel Workers: 10
 Concurrent Workers: 3
 Concurrent Refinement Workers: 10
 Periodic GC: Disabled

Heap:
 garbage-first heap   total 139264K, used 45480K [0x0000000500800000, 0x0000000800000000)
  region size 8192K, 3 young (24576K), 1 survivors (8192K)
 Metaspace       used 27382K, committed 27648K, reserved 1114112K
  class space    used 3292K, committed 3392K, reserved 1048576K

Heap Regions: E=young(eden), S=young(survivor), O=old, HS=humongous(starts), HC=humongous(continues), CS=collection set, F=free, OA=open archive, CA=closed archive, TAMS=top-at-mark-start (previous, next)
|   0|0x0000000500800000, 0x0000000500800000, 0x0000000501000000|  0%| F|  |TAMS 0x0000000500800000, 0x0000000500800000| Untracked 
|   1|0x0000000501000000, 0x0000000501800000, 0x0000000501800000|100%| O|  |TAMS 0x0000000501000000, 0x0000000501000000| Untracked 
|   2|0x0000000501800000, 0x0000000502000000, 0x0000000502000000|100%| O|  |TAMS 0x0000000501800000, 0x0000000501800000| Untracked 
|   3|0x0000000502000000, 0x0000000502800000, 0x0000000502800000|100%| O|  |TAMS 0x0000000502000000, 0x0000000502000000| Untracked 
|   4|0x0000000502800000, 0x0000000503000000, 0x0000000503000000|100%| O|  |TAMS 0x0000000502800000, 0x0000000502800000| Untracked 
|   5|0x0000000503000000, 0x0000000503000000, 0x0000000503800000|  0%| F|  |TAMS 0x0000000503000000, 0x0000000503000000| Untracked 
|   6|0x0000000503800000, 0x0000000503800000, 0x0000000504000000|  0%| F|  |TAMS 0x0000000503800000, 0x0000000503800000| Untracked 
|   7|0x0000000504000000, 0x0000000504196000, 0x0000000504800000| 19%| O|  |TAMS 0x0000000504000000, 0x0000000504000000| Untracked 
|   8|0x0000000504800000, 0x0000000504800000, 0x0000000505000000|  0%| F|  |TAMS 0x0000000504800000, 0x0000000504800000| Untracked 
|   9|0x0000000505000000, 0x0000000505000000, 0x0000000505800000|  0%| F|  |TAMS 0x0000000505000000, 0x0000000505000000| Untracked 
|  10|0x0000000505800000, 0x0000000505800000, 0x0000000506000000|  0%| F|  |TAMS 0x0000000505800000, 0x0000000505800000| Untracked 
|  11|0x0000000506000000, 0x0000000506000000, 0x0000000506800000|  0%| F|  |TAMS 0x0000000506000000, 0x0000000506000000| Untracked 
|  12|0x0000000506800000, 0x0000000506800000, 0x0000000507000000|  0%| F|  |TAMS 0x0000000506800000, 0x0000000506800000| Untracked 
|  80|0x0000000528800000, 0x0000000528800000, 0x0000000529000000|  0%| F|  |TAMS 0x0000000528800000, 0x0000000528800000| Untracked 
|  81|0x0000000529000000, 0x00000005290c9320, 0x0000000529800000|  9%| E|  |TAMS 0x0000000529000000, 0x0000000529000000| Complete 
|  82|0x0000000529800000, 0x0000000529ad4178, 0x000000052a000000| 35%| S|CS|TAMS 0x0000000529800000, 0x0000000529800000| Complete 
|  95|0x0000000530000000, 0x0000000530800000, 0x0000000530800000|100%| E|CS|TAMS 0x0000000530000000, 0x0000000530000000| Complete 

Card table byte_map: [0x0000015b14570000,0x0000015b15d70000] _byte_map_base: 0x0000015b11d6c000

Marking Bits (Prev, Next): (CMBitMap*) 0x0000015b000d4690, (CMBitMap*) 0x0000015b000d4650
 Prev Bits: [0x0000015b23550000, 0x0000015b2f530000)
 Next Bits: [0x0000015b17570000, 0x0000015b23550000)

Polling page: 0x0000015b7dfe0000

Metaspace:

Usage:
  Non-class:     23.53 MB used.
      Class:      3.22 MB used.
       Both:     26.74 MB used.

Virtual space:
  Non-class space:       64.00 MB reserved,      23.69 MB ( 37%) committed,  1 nodes.
      Class space:        1.00 GB reserved,       3.31 MB ( <1%) committed,  1 nodes.
             Both:        1.06 GB reserved,      27.00 MB (  2%) committed. 

Chunk freelists:
   Non-Class:  7.89 MB
       Class:  12.69 MB
        Both:  20.58 MB

MaxMetaspaceSize: unlimited
CompressedClassSpaceSize: 1.00 GB
Initial GC threshold: 21.00 MB
Current GC threshold: 35.31 MB
CDS: on
MetaspaceReclaimPolicy: balanced
 - commit_granule_bytes: 65536.
 - commit_granule_words: 8192.
 - virtual_space_node_default_size: 8388608.
 - enlarge_chunks_in_place: 1.
 - new_chunks_are_fully_committed: 0.
 - uncommit_free_chunks: 1.
 - use_allocation_guard: 0.
 - handle_deallocations: 1.


Internal statistics:

num_allocs_failed_limit: 3.
num_arena_births: 172.
num_arena_deaths: 0.
num_vsnodes_births: 2.
num_vsnodes_deaths: 0.
num_space_committed: 432.
num_space_uncommitted: 0.
num_chunks_returned_to_freelist: 3.
num_chunks_taken_from_freelist: 1175.
num_chunk_merges: 0.
num_chunk_splits: 787.
num_chunks_enlarged: 614.
num_inconsistent_stats: 0.

CodeHeap 'non-profiled nmethods': size=120000Kb used=2712Kb max_used=3111Kb free=117287Kb
 bounds [0x0000015b0b2f0000, 0x0000015b0b610000, 0x0000015b12820000]
CodeHeap 'profiled nmethods': size=120000Kb used=9964Kb max_used=11819Kb free=110035Kb
 bounds [0x0000015b03820000, 0x0000015b043b0000, 0x0000015b0ad50000]
CodeHeap 'non-nmethods': size=5760Kb used=1205Kb max_used=1243Kb free=4554Kb
 bounds [0x0000015b0ad50000, 0x0000015b0afc0000, 0x0000015b0b2f0000]
 total_blobs=5438 nmethods=4931 adapters=419
 compilation: enabled
              stopped_count=0, restarted_count=0
 full_count=0

Compilation events (20 events):
Event: 2.457 Thread 0x0000015b782ac6a0 nmethod 5431 0x0000015b0b5ef810 code [0x0000015b0b5ef980, 0x0000015b0b5efa18]
Event: 2.457 Thread 0x0000015b782ac6a0 5440   !   4       jdk.nio.zipfs.ZipUtils::dosToJavaTime (159 bytes)
Event: 2.468 Thread 0x0000015b782ac6a0 nmethod 5440 0x0000015b0b5efb10 code [0x0000015b0b5efd40, 0x0000015b0b5f1228]
Event: 2.468 Thread 0x0000015b782ac6a0 5428   !   4       java.nio.file.FileTreeWalker::getAttributes (94 bytes)
Event: 2.487 Thread 0x0000015b2f7158e0 5492       1       java.nio.file.FileTreeWalker$DirectoryNode::stream (5 bytes)
Event: 2.487 Thread 0x0000015b2f7158e0 nmethod 5492 0x0000015b0b5f2590 code [0x0000015b0b5f2720, 0x0000015b0b5f27f8]
Event: 2.489 Thread 0x0000015b782ac6a0 nmethod 5428 0x0000015b0b5f2890 code [0x0000015b0b5f2b00, 0x0000015b0b5f40b0]
Event: 2.489 Thread 0x0000015b782ac6a0 5443       4       java.nio.file.FileTreeWalker$Event::<init> (9 bytes)
Event: 2.491 Thread 0x0000015b782ac6a0 nmethod 5443 0x0000015b0b5f5010 code [0x0000015b0b5f5180, 0x0000015b0b5f54f8]
Event: 2.491 Thread 0x0000015b782ac6a0 5438       4       jdk.nio.zipfs.ZipFileSystem$Entry::isDirectory (5 bytes)
Event: 2.491 Thread 0x0000015b782ac6a0 nmethod 5438 0x0000015b0b5f5590 code [0x0000015b0b5f5700, 0x0000015b0b5f5778]
Event: 2.491 Thread 0x0000015b782ac6a0 5444       4       jdk.nio.zipfs.ZipFileSystemProvider::readAttributes (9 bytes)
Event: 2.502 Thread 0x0000015b2f7158e0 5493 %     3       jdk.nio.zipfs.ZipFileSystem::initCEN @ 203 (477 bytes)
Event: 2.504 Thread 0x0000015b2f7158e0 nmethod 5493% 0x0000015b0438bb10 code [0x0000015b0438c000, 0x0000015b0438e6a8]
Event: 2.504 Thread 0x0000015b2f7158e0 5494       3       java.util.jar.Manifest::read (415 bytes)
Event: 2.515 Thread 0x0000015b782ac6a0 nmethod 5444 0x0000015b0b5f5890 code [0x0000015b0b5f5ac0, 0x0000015b0b5f6bc8]
Event: 2.516 Thread 0x0000015b782ac6a0 5446       4       jdk.nio.zipfs.ZipPath::readAttributes (58 bytes)
Event: 2.516 Thread 0x0000015b2f7158e0 nmethod 5494 0x0000015b0438f610 code [0x0000015b0438fb20, 0x0000015b043922f8]
Event: 2.516 Thread 0x0000015b2f7158e0 5495       3       jdk.nio.zipfs.ZipFileSystem::isTrue (38 bytes)
Event: 2.516 Thread 0x0000015b2f7158e0 nmethod 5495 0x0000015b04393310 code [0x0000015b04393500, 0x0000015b04393b88]

GC Heap History (10 events):
Event: 0.498 GC heap before
{Heap before GC invocations=0 (full 0):
 garbage-first heap   total 786432K, used 32768K [0x0000000500800000, 0x0000000800000000)
  region size 8192K, 4 young (32768K), 0 survivors (0K)
 Metaspace       used 6665K, committed 6848K, reserved 1114112K
  class space    used 822K, committed 960K, reserved 1048576K
}
Event: 0.501 GC heap after
{Heap after GC invocations=1 (full 0):
 garbage-first heap   total 786432K, used 3996K [0x0000000500800000, 0x0000000800000000)
  region size 8192K, 1 young (8192K), 1 survivors (8192K)
 Metaspace       used 6665K, committed 6848K, reserved 1114112K
  class space    used 822K, committed 960K, reserved 1048576K
}
Event: 0.714 GC heap before
{Heap before GC invocations=1 (full 0):
 garbage-first heap   total 786432K, used 28572K [0x0000000500800000, 0x0000000800000000)
  region size 8192K, 4 young (32768K), 1 survivors (8192K)
 Metaspace       used 10155K, committed 10304K, reserved 1114112K
  class space    used 1268K, committed 1344K, reserved 1048576K
}
Event: 0.716 GC heap after
{Heap after GC invocations=2 (full 0):
 garbage-first heap   total 786432K, used 5279K [0x0000000500800000, 0x0000000800000000)
  region size 8192K, 1 young (8192K), 1 survivors (8192K)
 Metaspace       used 10155K, committed 10304K, reserved 1114112K
  class space    used 1268K, committed 1344K, reserved 1048576K
}
Event: 1.404 GC heap before
{Heap before GC invocations=2 (full 0):
 garbage-first heap   total 786432K, used 79007K [0x0000000500800000, 0x0000000800000000)
  region size 8192K, 10 young (81920K), 1 survivors (8192K)
 Metaspace       used 16510K, committed 16704K, reserved 1114112K
  class space    used 2034K, committed 2112K, reserved 1048576K
}
Event: 1.410 GC heap after
{Heap after GC invocations=3 (full 0):
 garbage-first heap   total 786432K, used 12946K [0x0000000500800000, 0x0000000800000000)
  region size 8192K, 2 young (16384K), 2 survivors (16384K)
 Metaspace       used 16510K, committed 16704K, reserved 1114112K
  class space    used 2034K, committed 2112K, reserved 1048576K
}
Event: 2.119 GC heap before
{Heap before GC invocations=3 (full 0):
 garbage-first heap   total 786432K, used 94866K [0x0000000500800000, 0x0000000800000000)
  region size 8192K, 13 young (106496K), 2 survivors (16384K)
 Metaspace       used 21242K, committed 21504K, reserved 1114112K
  class space    used 2541K, committed 2688K, reserved 1048576K
}
Event: 2.131 GC heap after
{Heap after GC invocations=4 (full 0):
 garbage-first heap   total 786432K, used 21950K [0x0000000500800000, 0x0000000800000000)
  region size 8192K, 3 young (24576K), 3 survivors (24576K)
 Metaspace       used 21242K, committed 21504K, reserved 1114112K
  class space    used 2541K, committed 2688K, reserved 1048576K
}
Event: 2.504 GC heap before
{Heap before GC invocations=5 (full 0):
 garbage-first heap   total 139264K, used 79294K [0x0000000500800000, 0x0000000800000000)
  region size 8192K, 10 young (81920K), 3 survivors (24576K)
 Metaspace       used 26790K, committed 27136K, reserved 1114112K
  class space    used 3221K, committed 3392K, reserved 1048576K
}
Event: 2.514 GC heap after
{Heap after GC invocations=6 (full 0):
 garbage-first heap   total 139264K, used 35036K [0x0000000500800000, 0x0000000800000000)
  region size 8192K, 2 young (16384K), 2 survivors (16384K)
 Metaspace       used 26790K, committed 27136K, reserved 1114112K
  class space    used 3221K, committed 3392K, reserved 1048576K
}

Dll operation events (4 events):
Event: 0.005 Loaded shared library C:\Users\melod\.jdks\jbr-17.0.12\bin\java.dll
Event: 0.019 Loaded shared library C:\Users\melod\.jdks\jbr-17.0.12\bin\jsvml.dll
Event: 0.052 Loaded shared library C:\Users\melod\.jdks\jbr-17.0.12\bin\zip.dll
Event: 0.168 Loaded shared library C:\Users\melod\.jdks\jbr-17.0.12\bin\verify.dll

Deoptimization events (20 events):
Event: 2.363 Thread 0x0000015b0004a5c0 Uncommon trap: trap_request=0xffffff45 fr.pc=0x0000015b0b5d5c7c relative=0x000000000000007c
Event: 2.363 Thread 0x0000015b0004a5c0 Uncommon trap: reason=unstable_if action=reinterpret pc=0x0000015b0b5d5c7c method=java.time.LocalDate.compareTo0(Ljava/time/LocalDate;)I @ 25 c2
Event: 2.363 Thread 0x0000015b0004a5c0 DEOPT PACKING pc=0x0000015b0b5d5c7c sp=0x0000004a570fc2f0
Event: 2.363 Thread 0x0000015b0004a5c0 DEOPT UNPACKING pc=0x0000015b0ada69a3 sp=0x0000004a570fc278 mode 2
Event: 2.365 Thread 0x0000015b0004a5c0 Uncommon trap: trap_request=0xffffffd6 fr.pc=0x0000015b0b5d65a4 relative=0x0000000000000384
Event: 2.365 Thread 0x0000015b0004a5c0 Uncommon trap: reason=array_check action=maybe_recompile pc=0x0000015b0b5d65a4 method=java.util.LinkedHashMap.valuesToArray([Ljava/lang/Object;)[Ljava/lang/Object; @ 25 c2
Event: 2.365 Thread 0x0000015b0004a5c0 DEOPT PACKING pc=0x0000015b0b5d65a4 sp=0x0000004a570fc6f0
Event: 2.365 Thread 0x0000015b0004a5c0 DEOPT UNPACKING pc=0x0000015b0ada69a3 sp=0x0000004a570fc698 mode 2
Event: 2.369 Thread 0x0000015b0004a5c0 Uncommon trap: trap_request=0xffffffd6 fr.pc=0x0000015b0b5d65a4 relative=0x0000000000000384
Event: 2.369 Thread 0x0000015b0004a5c0 Uncommon trap: reason=array_check action=maybe_recompile pc=0x0000015b0b5d65a4 method=java.util.LinkedHashMap.valuesToArray([Ljava/lang/Object;)[Ljava/lang/Object; @ 25 c2
Event: 2.369 Thread 0x0000015b0004a5c0 DEOPT PACKING pc=0x0000015b0b5d65a4 sp=0x0000004a570fc6f0
Event: 2.369 Thread 0x0000015b0004a5c0 DEOPT UNPACKING pc=0x0000015b0ada69a3 sp=0x0000004a570fc698 mode 2
Event: 2.401 Thread 0x0000015b0004a5c0 Uncommon trap: trap_request=0xffffff45 fr.pc=0x0000015b0b5d86e4 relative=0x0000000000000704
Event: 2.401 Thread 0x0000015b0004a5c0 Uncommon trap: reason=unstable_if action=reinterpret pc=0x0000015b0b5d86e4 method=java.time.zone.ZoneRules.findOffsetInfo(Ljava/time/LocalDateTime;Ljava/time/zone/ZoneOffsetTransition;)Ljava/lang/Object; @ 17 c2
Event: 2.401 Thread 0x0000015b0004a5c0 DEOPT PACKING pc=0x0000015b0b5d86e4 sp=0x0000004a570fc360
Event: 2.401 Thread 0x0000015b0004a5c0 DEOPT UNPACKING pc=0x0000015b0ada69a3 sp=0x0000004a570fc310 mode 2
Event: 2.403 Thread 0x0000015b0004a5c0 Uncommon trap: trap_request=0xffffff45 fr.pc=0x0000015b0b5e22dc relative=0x00000000000000bc
Event: 2.403 Thread 0x0000015b0004a5c0 Uncommon trap: reason=unstable_if action=reinterpret pc=0x0000015b0b5e22dc method=java.time.LocalDate.create(III)Ljava/time/LocalDate; @ 10 c2
Event: 2.403 Thread 0x0000015b0004a5c0 DEOPT PACKING pc=0x0000015b0b5e22dc sp=0x0000004a570fc3b0
Event: 2.403 Thread 0x0000015b0004a5c0 DEOPT UNPACKING pc=0x0000015b0ada69a3 sp=0x0000004a570fc330 mode 2

Classes loaded (20 events):
Event: 2.281 Loading class jdk/internal/access/JavaUtilCollectionAccess done
Event: 2.281 Loading class java/util/ImmutableCollections$Access$1 done
Event: 2.294 Loading class java/util/BitSet
Event: 2.294 Loading class java/util/BitSet done
Event: 2.299 Loading class java/util/regex/Pattern$Caret
Event: 2.299 Loading class java/util/regex/Pattern$Caret done
Event: 2.314 Loading class java/util/regex/Pattern$Bound
Event: 2.314 Loading class java/util/regex/Pattern$Bound done
Event: 2.333 Loading class java/util/RegularEnumSet$EnumSetIterator
Event: 2.333 Loading class java/util/RegularEnumSet$EnumSetIterator done
Event: 2.334 Loading class java/nio/file/FileVisitor
Event: 2.334 Loading class java/nio/file/FileVisitor done
Event: 2.336 Loading class java/nio/file/SimpleFileVisitor
Event: 2.336 Loading class java/nio/file/SimpleFileVisitor done
Event: 2.336 Loading class java/nio/file/Files$3
Event: 2.336 Loading class java/nio/file/Files$3 done
Event: 2.336 Loading class java/nio/file/FileVisitResult
Event: 2.336 Loading class java/nio/file/FileVisitResult done
Event: 2.336 Loading class sun/nio/fs/BasicFileAttributesHolder
Event: 2.336 Loading class sun/nio/fs/BasicFileAttributesHolder done

Classes unloaded (0 events):
No events

Classes redefined (0 events):
No events

Internal exceptions (20 events):
Event: 1.954 Thread 0x0000015b0004a5c0 Exception <a 'java/lang/NoSuchMethodError'{0x000000052ce54240}: 'void java.lang.invoke.DirectMethodHandle$Holder.invokeInterface(java.lang.Object, java.lang.Object, java.lang.Object)'> (0x000000052ce54240) 
thrown [s\src\hotspot\share\interpreter\linkResolver.cpp, line 771]
Event: 2.007 Thread 0x0000015b0004a5c0 Exception <a 'java/lang/NoSuchMethodError'{0x000000052c3b1168}: 'int java.lang.invoke.DirectMethodHandle$Holder.invokeInterface(java.lang.Object, java.lang.Object)'> (0x000000052c3b1168) 
thrown [s\src\hotspot\share\interpreter\linkResolver.cpp, line 771]
Event: 2.063 Thread 0x0000015b0004a5c0 Exception <a 'java/lang/NoSuchMethodError'{0x000000052bb20320}: 'int java.lang.invoke.DirectMethodHandle$Holder.invokeVirtual(java.lang.Object, java.lang.Object, java.lang.Object)'> (0x000000052bb20320) 
thrown [s\src\hotspot\share\interpreter\linkResolver.cpp, line 771]
Event: 2.064 Thread 0x0000015b0004a5c0 Exception <a 'java/lang/NoSuchMethodError'{0x000000052bb3d0e0}: 'int java.lang.invoke.DirectMethodHandle$Holder.invokeStaticInit(java.lang.Object, java.lang.Object, java.lang.Object)'> (0x000000052bb3d0e0) 
thrown [s\src\hotspot\share\interpreter\linkResolver.cpp, line 771]
Event: 2.100 Thread 0x0000015b0004a5c0 Implicit null exception at 0x0000015b0b58e60c to 0x0000015b0b58e742
Event: 2.131 Thread 0x0000015b0004a5c0 Exception <a 'java/lang/NoSuchMethodError'{0x0000000530000d50}: 'java.lang.Object java.lang.invoke.DirectMethodHandle$Holder.invokeStatic(java.lang.Object, int, java.lang.Object)'> (0x0000000530000d50) 
thrown [s\src\hotspot\share\interpreter\linkResolver.cpp, line 771]
Event: 2.145 Thread 0x0000015b0004a5c0 Exception <a 'sun/nio/fs/WindowsException'{0x00000005300ac430}> (0x00000005300ac430) 
thrown [s\src\hotspot\share\prims\jni.cpp, line 531]
Event: 2.145 Thread 0x0000015b0004a5c0 Exception <a 'sun/nio/fs/WindowsException'{0x00000005300ac720}> (0x00000005300ac720) 
thrown [s\src\hotspot\share\prims\jni.cpp, line 531]
Event: 2.235 Thread 0x0000015b0004a5c0 Exception <a 'java/lang/NoSuchMethodError'{0x0000000506f332f0}: 'java.lang.Object java.lang.invoke.DirectMethodHandle$Holder.newInvokeSpecial(java.lang.Object, java.lang.Object, java.lang.Object, java.lang.Object, java.lang.Object, java.lang.Object)'> (0x0000000506f332f0) 
thrown [s\src\hotspot\share\interpreter\linkResolver.cpp, line 771]
Event: 2.246 Thread 0x0000015b0004a5c0 Exception <a 'sun/nio/fs/WindowsException'{0x00000005060a5e08}> (0x00000005060a5e08) 
thrown [s\src\hotspot\share\prims\jni.cpp, line 531]
Event: 2.246 Thread 0x0000015b0004a5c0 Exception <a 'sun/nio/fs/WindowsException'{0x00000005060a6048}> (0x00000005060a6048) 
thrown [s\src\hotspot\share\prims\jni.cpp, line 531]
Event: 2.314 Thread 0x0000015b0004a5c0 Exception <a 'sun/nio/fs/WindowsException'{0x0000000505a81610}> (0x0000000505a81610) 
thrown [s\src\hotspot\share\prims\jni.cpp, line 531]
Event: 2.314 Thread 0x0000015b0004a5c0 Exception <a 'sun/nio/fs/WindowsException'{0x0000000505a81928}> (0x0000000505a81928) 
thrown [s\src\hotspot\share\prims\jni.cpp, line 531]
Event: 2.314 Thread 0x0000015b0004a5c0 Exception <a 'sun/nio/fs/WindowsException'{0x0000000505a829e0}> (0x0000000505a829e0) 
thrown [s\src\hotspot\share\prims\jni.cpp, line 531]
Event: 2.314 Thread 0x0000015b0004a5c0 Exception <a 'sun/nio/fs/WindowsException'{0x0000000505a82d80}> (0x0000000505a82d80) 
thrown [s\src\hotspot\share\prims\jni.cpp, line 531]
Event: 2.314 Thread 0x0000015b0004a5c0 Exception <a 'sun/nio/fs/WindowsException'{0x0000000505a83ef8}> (0x0000000505a83ef8) 
thrown [s\src\hotspot\share\prims\jni.cpp, line 531]
Event: 2.314 Thread 0x0000015b0004a5c0 Exception <a 'sun/nio/fs/WindowsException'{0x0000000505a84218}> (0x0000000505a84218) 
thrown [s\src\hotspot\share\prims\jni.cpp, line 531]
Event: 2.322 Thread 0x0000015b0004a5c0 Exception <a 'java/lang/NoSuchMethodError'{0x0000000505b377c8}: 'java.lang.Object java.lang.invoke.DirectMethodHandle$Holder.invokeVirtual(java.lang.Object, java.lang.Object, java.lang.Object, int, int)'> (0x0000000505b377c8) 
thrown [s\src\hotspot\share\interpreter\linkResolver.cpp, line 771]
Event: 2.322 Thread 0x0000015b0004a5c0 Exception <a 'java/lang/NoSuchMethodError'{0x0000000505b3e5d8}: 'java.lang.Object java.lang.invoke.DirectMethodHandle$Holder.invokeVirtual(java.lang.Object, java.lang.Object, int)'> (0x0000000505b3e5d8) 
thrown [s\src\hotspot\share\interpreter\linkResolver.cpp, line 771]
Event: 2.323 Thread 0x0000015b0004a5c0 Exception <a 'java/lang/NoSuchMethodError'{0x0000000505b58818}: 'java.lang.Object java.lang.invoke.DirectMethodHandle$Holder.invokeSpecial(java.lang.Object, java.lang.Object, java.lang.Object, int, int)'> (0x0000000505b58818) 
thrown [s\src\hotspot\share\interpreter\linkResolver.cpp, line 771]

VM Operations (20 events):
Event: 2.066 Executing VM operation: HandshakeAllThreads
Event: 2.066 Executing VM operation: HandshakeAllThreads done
Event: 2.068 Executing VM operation: HandshakeAllThreads
Event: 2.068 Executing VM operation: HandshakeAllThreads done
Event: 2.072 Executing VM operation: HandshakeAllThreads
Event: 2.072 Executing VM operation: HandshakeAllThreads done
Event: 2.074 Executing VM operation: HandshakeAllThreads
Event: 2.074 Executing VM operation: HandshakeAllThreads done
Event: 2.118 Executing VM operation: CollectForMetadataAllocation
Event: 2.131 Executing VM operation: CollectForMetadataAllocation done
Event: 2.136 Executing VM operation: G1PauseRemark
Event: 2.137 Executing VM operation: G1PauseRemark done
Event: 2.138 Executing VM operation: HandshakeAllThreads
Event: 2.138 Executing VM operation: HandshakeAllThreads done
Event: 2.138 Executing VM operation: HandshakeAllThreads
Event: 2.138 Executing VM operation: HandshakeAllThreads done
Event: 2.139 Executing VM operation: G1PauseCleanup
Event: 2.139 Executing VM operation: G1PauseCleanup done
Event: 2.504 Executing VM operation: G1CollectForAllocation
Event: 2.514 Executing VM operation: G1CollectForAllocation done

Events (20 events):
Event: 0.027 Thread 0x0000015b2f7158e0 Thread added: 0x0000015b2f7158e0
Event: 0.027 Thread 0x0000015b2f71a600 Thread added: 0x0000015b2f71a600
Event: 0.038 Thread 0x0000015b3230adf0 Thread added: 0x0000015b3230adf0
Event: 0.053 Loaded shared library C:\Users\melod\.jdks\jbr-17.0.12\bin\instrument.dll
Event: 0.057 Loaded shared library C:\Users\melod\.jdks\jbr-17.0.12\bin\net.dll
Event: 0.058 Loaded shared library C:\Users\melod\.jdks\jbr-17.0.12\bin\nio.dll
Event: 0.060 Loaded shared library C:\Users\melod\.jdks\jbr-17.0.12\bin\zip.dll
Event: 0.065 Loaded shared library D:\JetBrains\IntelliJ IDEA 2024.3\bin\breakgen64.dll
Event: 0.065 Thread 0x0000015b325176f0 Thread added: 0x0000015b325176f0
Event: 0.065 Thread 0x0000015b32517bd0 Thread added: 0x0000015b32517bd0
Event: 0.073 Loaded shared library C:\Users\melod\.jdks\jbr-17.0.12\bin\extnet.dll
Event: 0.127 Thread 0x0000015b78151070 Thread added: 0x0000015b78151070
Event: 0.128 Loaded shared library C:\Users\melod\.jdks\jbr-17.0.12\bin\jimage.dll
Event: 0.133 Thread 0x0000015b78151070 Thread exited: 0x0000015b78151070
Event: 0.162 Loaded shared library C:\Users\melod\AppData\Local\Temp\jansi-2.4.1-c965ddf099883fdf-jansi.dll
Event: 0.218 Thread 0x0000015b782ae130 Thread added: 0x0000015b782ae130
Event: 0.424 Thread 0x0000015b782adbe0 Thread added: 0x0000015b782adbe0
Event: 0.983 Thread 0x0000015b79687620 Thread added: 0x0000015b79687620
Event: 2.253 Thread 0x0000015b782adbe0 Thread exited: 0x0000015b782adbe0
Event: 2.395 Thread 0x0000015b782ac6a0 Thread added: 0x0000015b782ac6a0


Dynamic libraries:
0x00007ff6cc9c0000 - 0x00007ff6cc9ca000 	C:\Users\melod\.jdks\jbr-17.0.12\bin\java.exe
0x00007ffc2a090000 - 0x00007ffc2a2a7000 	C:\WINDOWS\SYSTEM32\ntdll.dll
0x00007ffc28500000 - 0x00007ffc285c4000 	C:\WINDOWS\System32\KERNEL32.DLL
0x00007ffc27680000 - 0x00007ffc27a3a000 	C:\WINDOWS\System32\KERNELBASE.dll
0x00007ffc27b00000 - 0x00007ffc27c11000 	C:\WINDOWS\System32\ucrtbase.dll
0x00007ffc06710000 - 0x00007ffc0672b000 	C:\Users\melod\.jdks\jbr-17.0.12\bin\VCRUNTIME140.dll
0x00007ffc06fb0000 - 0x00007ffc06fc7000 	C:\Users\melod\.jdks\jbr-17.0.12\bin\jli.dll
0x00007ffc27dc0000 - 0x00007ffc27f6e000 	C:\WINDOWS\System32\USER32.dll
0x00007ffc27480000 - 0x00007ffc274a6000 	C:\WINDOWS\System32\win32u.dll
0x00007ffc0c2e0000 - 0x00007ffc0c572000 	C:\WINDOWS\WinSxS\amd64_microsoft.windows.common-controls_6595b64144ccf1df_6.0.22621.4541_none_2710d1c57384c085\COMCTL32.dll
0x00007ffc285d0000 - 0x00007ffc28677000 	C:\WINDOWS\System32\msvcrt.dll
0x00007ffc27d90000 - 0x00007ffc27db9000 	C:\WINDOWS\System32\GDI32.dll
0x00007ffc27560000 - 0x00007ffc2767b000 	C:\WINDOWS\System32\gdi32full.dll
0x00007ffc27360000 - 0x00007ffc273fa000 	C:\WINDOWS\System32\msvcp_win.dll
0x00007ffc29850000 - 0x00007ffc29881000 	C:\WINDOWS\System32\IMM32.DLL
0x00007ffc073e0000 - 0x00007ffc073ec000 	C:\Users\melod\.jdks\jbr-17.0.12\bin\vcruntime140_1.dll
0x00007ffc003c0000 - 0x00007ffc0044d000 	C:\Users\melod\.jdks\jbr-17.0.12\bin\msvcp140.dll
0x00007ffbe36c0000 - 0x00007ffbe434a000 	C:\Users\melod\.jdks\jbr-17.0.12\bin\server\jvm.dll
0x00007ffc28fd0000 - 0x00007ffc29082000 	C:\WINDOWS\System32\ADVAPI32.dll
0x00007ffc28230000 - 0x00007ffc282d7000 	C:\WINDOWS\System32\sechost.dll
0x00007ffc27530000 - 0x00007ffc27558000 	C:\WINDOWS\System32\bcrypt.dll
0x00007ffc283e0000 - 0x00007ffc284f4000 	C:\WINDOWS\System32\RPCRT4.dll
0x00007ffc29780000 - 0x00007ffc297f1000 	C:\WINDOWS\System32\WS2_32.dll
0x00007ffc261f0000 - 0x00007ffc2623d000 	C:\WINDOWS\SYSTEM32\POWRPROF.dll
0x00007ffc16270000 - 0x00007ffc162a4000 	C:\WINDOWS\SYSTEM32\WINMM.dll
0x00007ffc20a00000 - 0x00007ffc20a0a000 	C:\WINDOWS\SYSTEM32\VERSION.dll
0x00007ffc261d0000 - 0x00007ffc261e3000 	C:\WINDOWS\SYSTEM32\UMPDC.dll
0x00007ffc26490000 - 0x00007ffc264a8000 	C:\WINDOWS\SYSTEM32\kernel.appcore.dll
0x00007ffc070e0000 - 0x00007ffc070ea000 	C:\Users\melod\.jdks\jbr-17.0.12\bin\jimage.dll
0x00007ffc144b0000 - 0x00007ffc146e2000 	C:\WINDOWS\SYSTEM32\DBGHELP.DLL
0x00007ffc293f0000 - 0x00007ffc2977f000 	C:\WINDOWS\System32\combase.dll
0x00007ffc28150000 - 0x00007ffc28227000 	C:\WINDOWS\System32\OLEAUT32.dll
0x00007ffc086a0000 - 0x00007ffc086d2000 	C:\WINDOWS\SYSTEM32\dbgcore.DLL
0x00007ffc27400000 - 0x00007ffc2747b000 	C:\WINDOWS\System32\bcryptPrimitives.dll
0x00007ffc052c0000 - 0x00007ffc052ce000 	C:\Users\melod\.jdks\jbr-17.0.12\bin\instrument.dll
0x00007ffc03740000 - 0x00007ffc03765000 	C:\Users\melod\.jdks\jbr-17.0.12\bin\java.dll
0x00007ffbfeb80000 - 0x00007ffbfec57000 	C:\Users\melod\.jdks\jbr-17.0.12\bin\jsvml.dll
0x00007ffc28750000 - 0x00007ffc28fc8000 	C:\WINDOWS\System32\SHELL32.dll
0x00007ffc252b0000 - 0x00007ffc25bb8000 	C:\WINDOWS\SYSTEM32\windows.storage.dll
0x00007ffc25170000 - 0x00007ffc252af000 	C:\WINDOWS\SYSTEM32\wintypes.dll
0x00007ffc282e0000 - 0x00007ffc283da000 	C:\WINDOWS\System32\SHCORE.dll
0x00007ffc298a0000 - 0x00007ffc298fe000 	C:\WINDOWS\System32\shlwapi.dll
0x00007ffc27290000 - 0x00007ffc272bb000 	C:\WINDOWS\SYSTEM32\profapi.dll
0x00007ffc050d0000 - 0x00007ffc050e8000 	C:\Users\melod\.jdks\jbr-17.0.12\bin\zip.dll
0x00007ffc04eb0000 - 0x00007ffc04ec9000 	C:\Users\melod\.jdks\jbr-17.0.12\bin\net.dll
0x00007ffc20740000 - 0x00007ffc20876000 	C:\WINDOWS\SYSTEM32\WINHTTP.dll
0x00007ffc26910000 - 0x00007ffc26979000 	C:\WINDOWS\system32\mswsock.dll
0x00007ffc03260000 - 0x00007ffc03276000 	C:\Users\melod\.jdks\jbr-17.0.12\bin\nio.dll
0x00007ffc007d0000 - 0x00007ffc007ea000 	D:\JetBrains\IntelliJ IDEA 2024.3\bin\breakgen64.dll
0x00007ffc03250000 - 0x00007ffc03259000 	C:\Users\melod\.jdks\jbr-17.0.12\bin\extnet.dll
0x00007ffc007a0000 - 0x00007ffc007c4000 	C:\Users\melod\AppData\Local\Temp\jansi-2.4.1-c965ddf099883fdf-jansi.dll
0x00007ffc00800000 - 0x00007ffc00810000 	C:\Users\melod\.jdks\jbr-17.0.12\bin\verify.dll
0x00007ffc265a0000 - 0x00007ffc265d4000 	C:\WINDOWS\SYSTEM32\ntmarta.dll

dbghelp: loaded successfully - version: 4.0.5 - missing functions: none
symbol engine: initialized successfully - sym options: 0x614 - pdb path: .;C:\Users\melod\.jdks\jbr-17.0.12\bin;C:\WINDOWS\SYSTEM32;C:\WINDOWS\WinSxS\amd64_microsoft.windows.common-controls_6595b64144ccf1df_6.0.22621.4541_none_2710d1c57384c085;C:\Users\melod\.jdks\jbr-17.0.12\bin\server;D:\JetBrains\IntelliJ IDEA 2024.3\bin;C:\Users\melod\AppData\Local\Temp

VM Arguments:
jvm_args: -Dmaven.multiModuleProjectDirectory=D:\Documents\wsp Java-Spring\witcher-toolkit-back -Djansi.passthrough=true -Dmaven.home=C:\Users\melod\.m2\wrapper\dists\apache-maven-3.9.9-bin\4nf9hui3q3djbarqar9g711ggc\apache-maven-3.9.9 -Dclassworlds.conf=C:\Users\melod\.m2\wrapper\dists\apache-maven-3.9.9-bin\4nf9hui3q3djbarqar9g711ggc\apache-maven-3.9.9\bin\m2.conf -Dmaven.ext.class.path=D:\JetBrains\IntelliJ IDEA 2024.3\plugins\maven\lib\maven-event-listener.jar -javaagent:D:\JetBrains\IntelliJ IDEA 2024.3\lib\idea_rt.jar=53048:D:\JetBrains\IntelliJ IDEA 2024.3\bin -Dfile.encoding=UTF-8 
java_command: org.codehaus.classworlds.Launcher -Didea.version=2024.3 clean compile
java_class_path (initial): C:\Users\melod\.m2\wrapper\dists\apache-maven-3.9.9-bin\4nf9hui3q3djbarqar9g711ggc\apache-maven-3.9.9\boot\plexus-classworlds-2.8.0.jar;C:\Users\melod\.m2\wrapper\dists\apache-maven-3.9.9-bin\4nf9hui3q3djbarqar9g711ggc\apache-maven-3.9.9\boot\plexus-classworlds.license
Launcher Type: SUN_STANDARD

[Global flags]
     intx CICompilerCount                          = 4                                         {product} {ergonomic}
     uint ConcGCThreads                            = 3                                         {product} {ergonomic}
     uint G1ConcRefinementThreads                  = 10                                        {product} {ergonomic}
   size_t G1HeapRegionSize                         = 8388608                                   {product} {ergonomic}
    uintx GCDrainStackTargetSize                   = 64                                        {product} {ergonomic}
   size_t InitialHeapSize                          = 805306368                                 {product} {ergonomic}
   size_t MarkStackSize                            = 4194304                                   {product} {ergonomic}
   size_t MaxHeapSize                              = 12876513280                               {product} {ergonomic}
   size_t MaxNewSize                               = 7725907968                                {product} {ergonomic}
   size_t MinHeapDeltaBytes                        = 8388608                                   {product} {ergonomic}
   size_t MinHeapSize                              = 8388608                                   {product} {ergonomic}
    uintx NonNMethodCodeHeapSize                   = 5839372                                {pd product} {ergonomic}
    uintx NonProfiledCodeHeapSize                  = 122909434                              {pd product} {ergonomic}
    uintx ProfiledCodeHeapSize                     = 122909434                              {pd product} {ergonomic}
    uintx ReservedCodeCacheSize                    = 251658240                              {pd product} {ergonomic}
     bool SegmentedCodeCache                       = true                                      {product} {ergonomic}
   size_t SoftMaxHeapSize                          = 12876513280                            {manageable} {ergonomic}
     bool UseCompressedClassPointers               = true                           {product lp64_product} {ergonomic}
     bool UseCompressedOops                        = true                           {product lp64_product} {ergonomic}
     bool UseG1GC                                  = true                                      {product} {ergonomic}
     bool UseLargePagesIndividualAllocation        = false                                  {pd product} {ergonomic}

Logging:
Log output configuration:
 #0: stdout all=warning uptime,level,tags
 #1: stderr all=off uptime,level,tags

Environment Variables:
JAVA_HOME=C:\Users\melod\.jdks\temurin-17.0.13
PATH=C:\Program Files\Common Files\Oracle\Java\javapath;C:\Users\melod\.jdks\temurin-17.0.13;C:\Maven\apache-maven-3.6.3;C:\Program Files (x86)\Razer Chroma SDK\bin;C:\Program Files\Razer Chroma SDK\bin;C:\Program Files (x86)\Razer\ChromaBroadcast\bin;C:\Program Files\Razer\ChromaBroadcast\bin;C:\Windows\system32;C:\Windows;C:\Windows\System32\Wbem;C:\Windows\System32\WindowsPowerShell\v1.0\;C:\Windows\System32\OpenSSH\;C:\wamp64\bin\php\php7.3.21;C:\ProgramData\ComposerSetup\bin;C:\Program Files (x86)\NVIDIA Corporation\PhysX\Common;C:\Windows\system32\config\systemprofile\AppData\Local\Microsoft\WindowsApps;C:\Users\melod\AppData\Local\Microsoft\WindowsApps;C:\Users\melod\AppData\Roaming\Composer\vendor\bin;C:\Program Files\dotnet\;C:\WINDOWS\system32;C:\WINDOWS;C:\WINDOWS\System32\Wbem;C:\WINDOWS\System32\WindowsPowerShell\v1.0\;C:\WINDOWS\System32\OpenSSH\;C:\Program Files\nodejs\;C:\Program Files\Git\cmd;C:\Program Files\NVIDIA Corporation\NVIDIA app\NvDLISR;C:\Users\melod\flutter\flutter_windows_3.24.2-stable\bin;C:\Users\melod\scoop\shims;C:\Users\melod\AppData\Local\Microsoft\WindowsApps;C:\wamp64\bin\php\php8.2.0;C:\Users\melod\AppData\Roaming\Composer\vendor\bin;C:\Users\melod\AppData\Local\GitHubDesktop\bin;C:\Users\melod\AppData\Local\Programs\Microsoft VS Code\bin;C:\apache-maven-3.9.1\bin;C:\Users\melod\.jdks\temurin-17.0.13\bin;C:\Program Files\JetBrains\PhpStorm 2023.1.3\bin;;C:\Users\melod\AppData\Roaming\npm;;D:\JetBrains\IntelliJ IDEA 2024.3\bin;
USERNAME=melod
OS=Windows_NT
PROCESSOR_IDENTIFIER=AMD64 Family 23 Model 113 Stepping 0, AuthenticAMD
TMP=C:\Users\melod\AppData\Local\Temp
TEMP=C:\Users\melod\AppData\Local\Temp



Periodic native trim disabled

JNI global refs:
JNI global refs: 15, weak refs: 10

JNI global refs memory usage: 843, weak refs: 841

Process memory usage:
Resident Set Size: 305260K (0% of 50276344K total physical memory with 37540180K free physical memory)

OOME stack traces (most recent first):
Classloader memory used:
Loader org.codehaus.plexus.classworlds.realm.ClassRealm                                : 1763K
Loader jdk.internal.loader.ClassLoaders$AppClassLoader                                 : 863K
Loader bootstrap                                                                       : 718K
Loader jdk.internal.loader.ClassLoaders$PlatformClassLoader                            : 67259B
Loader jdk.internal.reflect.DelegatingClassLoader                                      : 6868B
Loader org.eclipse.sisu.space.CloningClassSpace$CloningClassLoader                     : 5216B
Loader java.net.URLClassLoader                                                         : 657B

Classes loaded by more than one classloader:
Class org.codehaus.plexus.interpolation.InterpolationException                        : loaded 2 times (x 81B)
Class org.codehaus.plexus.interpolation.InterpolationPostProcessor                    : loaded 2 times (x 68B)
Class org.codehaus.plexus.util.DirectoryScanner                                       : loaded 2 times (x 113B)
Class org.codehaus.plexus.interpolation.AbstractDelegatingValueSource                 : loaded 2 times (x 79B)
Class org.codehaus.plexus.interpolation.BasicInterpolator                             : loaded 2 times (x 68B)
Class org.codehaus.plexus.util.Scanner                                                : loaded 2 times (x 68B)
Class org.codehaus.plexus.interpolation.PrefixedObjectValueSource                     : loaded 2 times (x 83B)
Class [Lorg.codehaus.plexus.util.MatchPattern;                                        : loaded 2 times (x 67B)
Class org.codehaus.plexus.interpolation.ValueSource                                   : loaded 2 times (x 68B)
Class org.codehaus.plexus.util.AbstractScanner                                        : loaded 2 times (x 98B)
Class org.codehaus.plexus.util.MatchPattern                                           : loaded 2 times (x 76B)
Class org.codehaus.plexus.interpolation.RecursionInterceptor                          : loaded 2 times (x 68B)
Class org.apache.maven.shared.utils.logging.MessageBuilder                            : loaded 2 times (x 68B)
Class org.apache.maven.shared.utils.logging.AnsiMessageBuilder                        : loaded 2 times (x 124B)
Class org.codehaus.plexus.interpolation.ObjectBasedValueSource                        : loaded 2 times (x 80B)
Class org.codehaus.plexus.interpolation.SimpleRecursionInterceptor                    : loaded 2 times (x 82B)
Class org.codehaus.plexus.interpolation.PrefixAwareRecursionInterceptor               : loaded 2 times (x 82B)
Class [Lorg.apache.maven.shared.utils.logging.Style;                                  : loaded 2 times (x 67B)
Class org.codehaus.plexus.interpolation.PropertiesBasedValueSource                    : loaded 2 times (x 80B)
Class org.codehaus.plexus.interpolation.PrefixedValueSourceWrapper                    : loaded 2 times (x 84B)
Class org.codehaus.plexus.interpolation.QueryEnabledValueSource                       : loaded 2 times (x 68B)
Class org.codehaus.plexus.interpolation.AbstractValueSource                           : loaded 2 times (x 80B)
Class org.codehaus.plexus.util.MatchPatterns                                          : loaded 2 times (x 74B)
Class org.codehaus.plexus.util.Os                                                     : loaded 2 times (x 75B)
Class org.apache.maven.shared.utils.logging.MessageUtils$1                            : loaded 2 times (x 85B)
Class org.apache.maven.shared.utils.logging.Style                                     : loaded 2 times (x 78B)
Class org.apache.maven.shared.utils.logging.LoggerLevelRenderer                       : loaded 2 times (x 68B)
Class org.codehaus.plexus.interpolation.InterpolationCycleException                   : loaded 2 times (x 81B)
Class org.codehaus.plexus.util.SelectorUtils                                          : loaded 2 times (x 69B)
Class org.codehaus.plexus.interpolation.FeedbackEnabledValueSource                    : loaded 2 times (x 68B)
Class org.codehaus.plexus.util.StringUtils                                            : loaded 2 times (x 69B)
Class org.apache.maven.shared.utils.logging.MessageUtils                              : loaded 2 times (x 69B)
Class org.codehaus.plexus.interpolation.Interpolator                                  : loaded 2 times (x 68B)


---------------  S Y S T E M  ---------------

OS:
 Windows 11 , 64 bit Build 22621 (10.0.22621.4391)
OS uptime: 0 days 5:11 hours

CPU: total 12 (initial active 12) (12 cores per cpu, 2 threads per core) family 23 model 113 stepping 0 microcode 0x0, cx8, cmov, fxsr, ht, mmx, 3dnowpref, sse, sse2, sse3, ssse3, sse4a, sse4.1, sse4.2, popcnt, lzcnt, tsc, tscinvbit, avx, avx2, aes, clmul, bmi1, bmi2, adx, sha, fma, vzeroupper, clflush, clflushopt
Processor Information for all 12 processors :
  Max Mhz: 3800, Current Mhz: 3800, Mhz Limit: 3800

Memory: 4k page, system-wide physical 49097M (36658M free)
TotalPageFile size 56521M (AvailPageFile size 40318M)
current process WorkingSet (physical memory assigned to process): 298M, peak: 298M
current process commit charge ("private bytes"): 350M, peak: 960M

vm_info: OpenJDK 64-Bit Server VM (17.0.12+1-b1207.37) for windows-amd64 JRE (17.0.12+1-b1207.37), built on 2024-09-25 by "builduser" with MS VC++ 16.10 / 16.11 (VS2019)

END.
